<?xml version="1.0" encoding="UTF-8"?>
<!-- Generated by org.testng.reporters.JUnitReportReporter -->
<testsuite hostname="HO-LT-177" failures="0" tests="2" name="testsTakeAlot.ReadDataFromExcel" time="0.085" errors="0" timestamp="27 Apr 2022 13:21:45 GMT" skipped="0">
  <testcase classname="testsTakeAlot.ReadDataFromExcel" name="BrandQuantity" time="0.082"/>
  <testcase classname="testsTakeAlot.ReadDataFromExcel" name="BrandQuantity" time="0.003"/>
</testsuite> <!-- testsTakeAlot.ReadDataFromExcel -->
