<?xml version="1.0" encoding="UTF-8"?>
<!-- Generated by org.testng.reporters.JUnitReportReporter -->
<testsuite hostname="HO-LT-177" failures="0" tests="2" name="testsTakeAlot.Tests" time="16.092" errors="0" timestamp="27 Apr 2022 13:44:40 GMT" skipped="0">
  <testcase classname="testsTakeAlot.Tests" name="GIVEN_useExcelSheetForData" time="7.584"/>
  <testcase classname="testsTakeAlot.Tests" name="GIVEN_useExcelSheetForData" time="8.508"/>
</testsuite> <!-- testsTakeAlot.Tests -->
