<?xml version="1.0" encoding="UTF-8"?>
<!-- Generated by org.testng.reporters.JUnitReportReporter -->
<testsuite hostname="HO-LT-177" failures="0" tests="1" name="testsTakeAlot.ExceptionsDemo" time="0.033" errors="0" timestamp="19 Apr 2022 13:23:32 GMT" skipped="0">
  <testcase classname="testsTakeAlot.ExceptionsDemo" name="ArithmeticException_Demo" time="0.033"/>
</testsuite> <!-- testsTakeAlot.ExceptionsDemo -->
